date: "2014-08-16 20:10:53.996"
argv: nodejs /usr/local/bin/hexo s --debug
os: Linux 3.13.0-24-generic linux x64
versions:
  http_parser: "1.0"
  node: 0.10.30
  v8: 3.14.5.9
  ares: 1.9.0-DEV
  uv: 0.10.28
  zlib: 1.2.3
  modules: "11"
  openssl: 1.0.1h
  hexo: 2.8.1
---
[debug] 20:10:54.345 Config file loaded from /home/jeffrey/blog/_config.yml
[debug] 20:10:54.355 Version info checked successfully
[debug] 20:10:54.398 Loading database.
[debug] 20:10:54.518 Processed: draft.md (2ms)
[debug] 20:10:54.521 Processed: link.md (4ms)
[debug] 20:10:54.522 Processed: page.md (5ms)
[debug] 20:10:54.523 Processed: photo.md (6ms)
[debug] 20:10:54.523 Processed: post.md (6ms)
[debug] 20:10:54.535 Plugin loaded successfully: hexo-generator-feed
[debug] 20:10:54.541 Plugin loaded successfully: hexo-generator-sitemap
[debug] 20:10:54.751 Plugin loaded successfully: hexo-migrator-wordpress
[debug] 20:10:54.775 Plugin loaded successfully: hexo-renderer-ejs
[debug] 20:10:55.166 Plugin loaded successfully: hexo-renderer-jade
[debug] 20:10:55.215 Plugin loaded successfully: hexo-renderer-less
[debug] 20:10:55.246 Plugin loaded successfully: hexo-renderer-marked
[debug] 20:10:55.411 Plugin loaded successfully: hexo-renderer-stylus
[debug] 20:10:55.414 Plugin loaded successfully: hexo-tag-bootstrap
[debug] 20:10:55.421 Plugin loaded successfully: hexo-tag-emojis
[debug] 20:10:55.428 Script load successfully: fancybox.js
[error] 20:10:55.430 TypeError: Cannot read property 'format' of null
TypeError: Cannot read property 'format' of null
    at morgan (/usr/local/lib/node_modules/hexo/node_modules/morgan/index.js:36:21)
    at module.exports (/usr/local/lib/node_modules/hexo/lib/plugins/filter/middlewares/logger.js:11:13)
    at /usr/local/lib/node_modules/hexo/lib/extend/filter.js:141:25
    at b (domain.js:183:18)
    at Domain.run (domain.js:123:23)
    at /usr/local/lib/node_modules/hexo/lib/extend/filter.js:140:9
    at Array.forEach (native)
    at Filter.apply (/usr/local/lib/node_modules/hexo/lib/extend/filter.js:137:10)
    at module.exports (/usr/local/lib/node_modules/hexo/lib/plugins/console/server.js:26:22)
    at /usr/local/lib/node_modules/hexo/lib/core/index.js:227:7

